<?xml version="1.0" encoding="UTF-8"?>
<!-- Generated by org.testng.reporters.JUnitReportReporter -->
<testsuite skipped="0" hostname="DESKTOP-QGI7A6A" name="MavenPriject.MavenJava.AppiumTest" tests="2" failures="0" timestamp="2020-07-18T10:40:15 IST" time="0.001" errors="0">
  <testcase name="FbLogin" time="0.001" classname="MavenPriject.MavenJava.AppiumTest"/>
  <system-out/>
  <testcase name="FbLogout" time="0.000" classname="MavenPriject.MavenJava.AppiumTest"/>
  <system-out/>
</testsuite> <!-- MavenPriject.MavenJava.AppiumTest -->
