<?xml version="1.0" encoding="UTF-8"?>
<!-- Generated by org.testng.reporters.JUnitReportReporter -->
<testsuite skipped="0" hostname="DESKTOP-QGI7A6A" name="MavenPriject.MavenJava.SeleniumTest" tests="2" failures="0" timestamp="2020-07-18T10:40:15 IST" time="0.000" errors="0">
  <testcase name="JiraLogout" time="0.000" classname="MavenPriject.MavenJava.SeleniumTest"/>
  <system-out/>
  <testcase name="JiratLogin" time="0.000" classname="MavenPriject.MavenJava.SeleniumTest"/>
  <system-out/>
</testsuite> <!-- MavenPriject.MavenJava.SeleniumTest -->
